<?xml version="1.0" encoding="UTF-8"?>
<testsuite name="net.popehub.inflearn.member.MemberServiceTest" tests="1" skipped="0" failures="0" errors="0" timestamp="2024-02-06T07:01:34" hostname="rapportlabs.local" time="0.028">
  <properties/>
  <testcase name="join()" classname="net.popehub.inflearn.member.MemberServiceTest" time="0.028"/>
  <system-out><![CDATA[]]></system-out>
  <system-err><![CDATA[]]></system-err>
</testsuite>
